2021-01-08 at 14:26:34 | INFO | 成功获取页面：https://www.amazon.com/s?k=cat&page=1
2021-01-08 at 14:26:38 | INFO | 成功获取页面：https://www.amazon.com/s?k=cat&page=2
2021-01-08 at 14:26:41 | INFO | 成功获取页面：https://www.amazon.com/s?k=cat&page=3
2021-01-08 at 14:28:18 | INFO | 成功获取页面：https://www.amazon.com/s?k=dog&page=1
2021-01-08 at 14:28:24 | INFO | 成功获取页面：https://www.amazon.com/s?k=dog&page=2
2021-01-08 at 14:28:29 | INFO | 成功获取页面：https://www.amazon.com/s?k=dog&page=3
2021-01-08 at 14:58:31 | INFO | 成功获取页面：https://www.amazon.com/s?k=chair&page=1
2021-01-08 at 14:58:35 | INFO | 成功获取页面：https://www.amazon.com/s?k=chair&page=2
2021-01-08 at 14:58:38 | INFO | 成功获取页面：https://www.amazon.com/s?k=chair&page=3
2021-01-08 at 15:13:53 | INFO | 成功获取页面：https://www.amazon.com/s?k=patio dining chairs&page=1
2021-01-08 at 15:15:16 | INFO | 成功获取页面：https://www.amazon.com/s?k=dog&page=1
2021-01-08 at 15:20:23 | DEBUG | 连接超时，准备重试
2021-01-08 at 15:20:36 | INFO | 成功获取页面：https://www.amazon.com/s?k=patio dining chairs&page=1
2021-01-08 at 15:20:39 | INFO | 成功获取页面：https://www.amazon.com/s?k=patio dining chairs&page=2
2021-01-08 at 15:20:42 | INFO | 成功获取页面：https://www.amazon.com/s?k=patio dining chairs&page=3
2021-01-08 at 15:28:55 | INFO | 成功获取页面：https://www.amazon.com/gp/bestsellers/3733821
2021-01-08 at 15:28:58 | INFO | 成功获取页面：https://www.amazon.com/gp/bestsellers/3733821
2021-01-08 at 15:29:02 | INFO | 成功获取页面：https://www.amazon.com/Best-Sellers-Home-Kitchen-Dining-Room-Chairs/zgbs/home-garden/3733821/ref=zg_bs_pg_2/146-5752580-2220124?_encoding=UTF8&pg=2
2021-01-08 at 15:29:30 | DEBUG | Page Not Found: https://www.amazon.com/gp/bestsellers/3733821111
2021-01-08 at 15:40:44 | INFO | 成功获取页面：https://www.amazon.com/s?k=python&page=1
2021-01-08 at 15:40:48 | INFO | 成功获取页面：https://www.amazon.com/s?k=python&page=2
2021-01-08 at 15:40:54 | INFO | 成功获取页面：https://www.amazon.com/s?k=python&page=3
2021-01-08 at 15:41:04 | INFO | 成功获取页面：https://www.amazon.com/gp/bestsellers/3733821
2021-01-08 at 15:41:07 | INFO | 成功获取页面：https://www.amazon.com/gp/bestsellers/3733821
2021-01-08 at 15:41:14 | INFO | 成功获取页面：https://www.amazon.com/Best-Sellers-Home-Kitchen-Dining-Room-Chairs/zgbs/home-garden/3733821/ref=zg_bs_pg_2/131-0845938-3165143?_encoding=UTF8&pg=2
2021-01-08 at 15:41:18 | INFO | 提取token：gMj1gS9F476hy1kV7QzuSTmNfyg5Hb4yn8mdcHoAAAAMAAAAAF/4DJtyYXcAAAAA
2021-01-08 at 15:41:23 | INFO | 成功获取页面：https://www.amazon.com/dp/B07DS4V1N8/
2021-01-08 at 15:42:36 | INFO | 成功获取页面：https://www.amazon.com/s?k=snake&page=1
2021-01-08 at 15:42:44 | INFO | 成功获取页面：https://www.amazon.com/s?k=snake&page=2
2021-01-08 at 15:42:50 | DEBUG | 连接超时，准备重试
2021-01-08 at 15:43:01 | INFO | 成功获取页面：https://www.amazon.com/s?k=snake&page=3
2021-01-08 at 15:54:44 | DEBUG | 连接超时，准备重试
2021-01-08 at 15:55:02 | INFO | 成功获取页面：https://www.amazon.com/gp/bestsellers/1111
2021-01-08 at 15:55:07 | INFO | 成功获取页面：https://www.amazon.com/gp/bestsellers/1111
2021-01-08 at 15:57:23 | INFO | 成功获取页面：https://www.amazon.com/s?k=上帝之眼&page=1
2021-01-08 at 15:57:27 | INFO | 成功获取页面：https://www.amazon.com/s?k=上帝之眼&page=2
2021-01-08 at 15:57:29 | INFO | 成功获取页面：https://www.amazon.com/s?k=上帝之眼&page=3
2021-01-08 at 15:59:59 | INFO | 成功获取页面：https://www.amazon.com/s?k=九阴真经&page=1
2021-01-08 at 15:59:59 | INFO | 成功获取页面：https://www.amazon.com/s?k=九阴真经&page=1
2021-01-08 at 15:59:59 | INFO | 成功获取页面：https://www.amazon.com/s?k=九阴真经&page=1
2021-01-08 at 16:00:02 | INFO | 成功获取页面：https://www.amazon.com/s?k=九阴真经&page=2
2021-01-08 at 16:00:02 | INFO | 成功获取页面：https://www.amazon.com/s?k=九阴真经&page=2
2021-01-08 at 16:00:02 | INFO | 成功获取页面：https://www.amazon.com/s?k=九阴真经&page=2
2021-01-08 at 16:00:06 | INFO | 成功获取页面：https://www.amazon.com/s?k=九阴真经&page=3
2021-01-08 at 16:00:06 | INFO | 成功获取页面：https://www.amazon.com/s?k=九阴真经&page=3
2021-01-08 at 16:00:06 | INFO | 成功获取页面：https://www.amazon.com/s?k=九阴真经&page=3
2021-01-08 at 16:02:45 | INFO | 成功获取页面：https://www.amazon.com/s?k=孙猴子&page=1
2021-01-08 at 16:02:45 | INFO | 成功获取页面：https://www.amazon.com/s?k=孙猴子&page=1
2021-01-08 at 16:02:45 | INFO | 成功获取页面：https://www.amazon.com/s?k=孙猴子&page=1
2021-01-08 at 16:02:48 | INFO | 成功获取页面：https://www.amazon.com/s?k=孙猴子&page=2
2021-01-08 at 16:02:48 | INFO | 成功获取页面：https://www.amazon.com/s?k=孙猴子&page=2
2021-01-08 at 16:02:48 | INFO | 成功获取页面：https://www.amazon.com/s?k=孙猴子&page=2
2021-01-08 at 16:02:51 | INFO | 成功获取页面：https://www.amazon.com/s?k=孙猴子&page=3
2021-01-08 at 16:02:51 | INFO | 成功获取页面：https://www.amazon.com/s?k=孙猴子&page=3
2021-01-08 at 16:02:51 | INFO | 成功获取页面：https://www.amazon.com/s?k=孙猴子&page=3
2021-01-08 at 16:02:56 | INFO | 成功获取页面：https://www.amazon.com/s?k=玉女真经&page=1
2021-01-08 at 16:02:56 | INFO | 成功获取页面：https://www.amazon.com/s?k=玉女真经&page=1
2021-01-08 at 16:02:56 | INFO | 成功获取页面：https://www.amazon.com/s?k=玉女真经&page=1
2021-01-08 at 16:03:01 | INFO | 成功获取页面：https://www.amazon.com/s?k=玉女真经&page=2
2021-01-08 at 16:03:01 | INFO | 成功获取页面：https://www.amazon.com/s?k=玉女真经&page=2
2021-01-08 at 16:03:01 | INFO | 成功获取页面：https://www.amazon.com/s?k=玉女真经&page=2
2021-01-08 at 16:03:04 | INFO | 成功获取页面：https://www.amazon.com/s?k=玉女真经&page=3
2021-01-08 at 16:03:04 | INFO | 成功获取页面：https://www.amazon.com/s?k=玉女真经&page=3
2021-01-08 at 16:03:04 | INFO | 成功获取页面：https://www.amazon.com/s?k=玉女真经&page=3
2021-01-08 at 16:03:08 | INFO | 成功获取页面：https://www.amazon.com/s?k=菩提老祖&page=1
2021-01-08 at 16:03:08 | INFO | 成功获取页面：https://www.amazon.com/s?k=菩提老祖&page=1
2021-01-08 at 16:03:08 | INFO | 成功获取页面：https://www.amazon.com/s?k=菩提老祖&page=1
2021-01-08 at 16:03:11 | INFO | 成功获取页面：https://www.amazon.com/s?k=菩提老祖&page=2
2021-01-08 at 16:03:11 | INFO | 成功获取页面：https://www.amazon.com/s?k=菩提老祖&page=2
2021-01-08 at 16:03:11 | INFO | 成功获取页面：https://www.amazon.com/s?k=菩提老祖&page=2
2021-01-08 at 16:03:14 | INFO | 成功获取页面：https://www.amazon.com/s?k=菩提老祖&page=3
2021-01-08 at 16:03:14 | INFO | 成功获取页面：https://www.amazon.com/s?k=菩提老祖&page=3
2021-01-08 at 16:03:14 | INFO | 成功获取页面：https://www.amazon.com/s?k=菩提老祖&page=3
2021-01-08 at 16:56:00 | INFO | 成功获取页面：https://www.amazon.com/s?k=cat&page=1
2021-01-08 at 16:56:00 | INFO | 成功获取页面：https://www.amazon.com/s?k=cat&page=1
2021-01-08 at 16:56:00 | INFO | 成功获取页面：https://www.amazon.com/s?k=cat&page=1
2021-01-08 at 16:56:03 | INFO | 成功获取页面：https://www.amazon.com/s?k=cat&page=2
2021-01-08 at 16:56:03 | INFO | 成功获取页面：https://www.amazon.com/s?k=cat&page=2
2021-01-08 at 16:56:03 | INFO | 成功获取页面：https://www.amazon.com/s?k=cat&page=2
2021-01-08 at 16:56:08 | INFO | 成功获取页面：https://www.amazon.com/s?k=cat&page=3
2021-01-08 at 16:56:08 | INFO | 成功获取页面：https://www.amazon.com/s?k=cat&page=3
2021-01-08 at 16:56:08 | INFO | 成功获取页面：https://www.amazon.com/s?k=cat&page=3
2021-01-08 at 16:57:13 | INFO | 成功获取页面：https://www.amazon.com/s?k=cat&page=1
2021-01-08 at 16:57:13 | INFO | 成功获取页面：https://www.amazon.com/s?k=cat&page=1
2021-01-08 at 16:57:13 | INFO | 成功获取页面：https://www.amazon.com/s?k=cat&page=1
2021-01-08 at 16:57:20 | INFO | 成功获取页面：https://www.amazon.com/s?k=cat&page=2
2021-01-08 at 16:57:20 | INFO | 成功获取页面：https://www.amazon.com/s?k=cat&page=2
2021-01-08 at 16:57:20 | INFO | 成功获取页面：https://www.amazon.com/s?k=cat&page=2
2021-01-08 at 16:57:25 | INFO | 成功获取页面：https://www.amazon.com/s?k=cat&page=3
2021-01-08 at 16:57:25 | INFO | 成功获取页面：https://www.amazon.com/s?k=cat&page=3
2021-01-08 at 16:57:25 | INFO | 成功获取页面：https://www.amazon.com/s?k=cat&page=3
2021-01-08 at 16:58:11 | INFO | 成功获取页面：https://www.amazon.com/s?k=cat&page=1
2021-01-08 at 16:58:11 | INFO | 成功获取页面：https://www.amazon.com/s?k=cat&page=1
2021-01-08 at 16:58:11 | INFO | 成功获取页面：https://www.amazon.com/s?k=cat&page=1
2021-01-08 at 16:58:16 | INFO | 成功获取页面：https://www.amazon.com/s?k=cat&page=2
2021-01-08 at 16:58:16 | INFO | 成功获取页面：https://www.amazon.com/s?k=cat&page=2
2021-01-08 at 16:58:16 | INFO | 成功获取页面：https://www.amazon.com/s?k=cat&page=2
2021-01-08 at 16:58:24 | INFO | 成功获取页面：https://www.amazon.com/s?k=cat&page=3
2021-01-08 at 16:58:24 | INFO | 成功获取页面：https://www.amazon.com/s?k=cat&page=3
2021-01-08 at 16:58:24 | INFO | 成功获取页面：https://www.amazon.com/s?k=cat&page=3
